<?xml version="1.0" encoding="UTF-8"?>
<!-- Generated by org.testng.reporters.JUnitReportReporter -->
<testsuite hostname="DESKTOP-F0DLH23" failures="0" tests="1" name="com.Orange_HRM.testCases.TC_LoginTest_001" time="29.192" errors="0" timestamp="2023-06-06T21:52:21 IST" skipped="0">
  <testcase classname="com.Orange_HRM.testCases.TC_LoginTest_001" name="loginTest" time="29.192"/>
  <system-out/>
</testsuite> <!-- com.Orange_HRM.testCases.TC_LoginTest_001 -->
