<?xml version="1.0" encoding="UTF-8"?>
<!-- Generated by org.testng.reporters.JUnitReportReporter -->
<testsuite hostname="DESKTOP-F0DLH23" failures="0" tests="1" name="com.Orange_HRM.testCases.TC_LoginTest_001" time="27.085" errors="0" timestamp="2023-06-05T16:35:22 IST" skipped="0">
  <testcase classname="com.Orange_HRM.testCases.TC_LoginTest_001" name="loginTest" time="27.085"/>
  <system-out/>
</testsuite> <!-- com.Orange_HRM.testCases.TC_LoginTest_001 -->
